-54848
335 396 79
31 168 70
411 471 70
290 11 69
55 405 69
443 22 68
84 91 67
48 411 67
18 404 66
424 434 66
490 479 66
21 306 65
50 374 65
226 157 64
349 336 64
268 307 64
479 63 63
16 299 63
292 162 63
107 156 63
359 34 62
169 234 61
311 324 61
101 42 61
13 402 61
232 22 60
255 239 60
447 196 60
398 311 60
5 153 60
347 332 59
42 155 59
299 207 59
460 424 59
214 11 59
108 331 59
203 426 59
407 216 59
173 465 58
200 424 58
287 311 58
153 427 58
348 124 57
304 216 57
24 20 57
320 329 57
312 422 57
340 286 57
108 379 56
235 349 56
29 394 56
271 349 56
241 275 56
165 297 56
401 173 56
278 436 55
97 348 55
398 144 55
289 208 55
325 483 55
153 349 55
197 385 55
317 470 55
440 485 55
498 436 55
254 448 55
214 349 54
417 149 54
373 77 54
264 399 54
266 21 54
415 377 54
352 115 54
284 233 54
354 214 54
292 287 54
409 316 54
214 485 54
395 142 53
311 214 53
479 203 53
26 454 53
299 87 53
374 260 53
340 204 53
13 90 53
272 452 53
245 72 52
55 339 52
214 374 52
246 159 52
374 207 51
300 136 51
488 254 51
167 79 51
315 121 51
164 276 51
220 117 51
496 331 50
31 160 50
400 484 50
61 415 50
397 392 50
15 314 50
484 288 50
15 6 50
247 240 49
63 399 49
67 119 49
380 174 49
459 104 49
291 296 49
41 372 49
144 249 49
10 281 49
473 79 48
267 260 48
228 341 48
63 97 48
494 10 48
463 364 47
91 498 47
94 239 47
91 235 47
174 462 47
248 159 47
488 298 46
333 411 46
18 245 46
361 105 46
332 385 46
153 453 46
200 358 46
218 312 46
181 487 46
289 385 46
164 221 45
398 197 45
403 46 45
249 151 45
33 498 45
94 90 45
281 370 45
177 235 45
409 213 45
385 329 45
108 71 45
345 281 44
31 147 44
398 374 44
70 175 44
85 272 44
353 278 44
261 260 44
286 430 44
178 90 44
400 165 44
216 301 44
11 241 43
270 477 43
185 317 43
148 208 43
44 56 43
490 287 43
303 318 42
499 257 42
476 443 42
181 441 42
43 61 42
342 262 42
312 326 42
348 37 42
220 113 42
227 114 42
287 429 41
180 226 41
91 418 41
336 365 41
420 341 41
272 178 41
412 250 41
21 178 41
305 485 41
8 142 41
203 346 40
204 184 40
131 279 40
149 178 40
422 397 40
78 396 40
418 416 40
24 262 40
181 59 40
407 496 40
53 247 40
242 249 40
331 33 40
107 91 40
408 85 40
427 471 39
115 234 39
9 292 39
173 491 39
220 306 39
429 194 39
370 107 39
352 130 38
370 113 38
126 153 38
51 484 38
275 303 38
157 16 38
265 81 37
169 459 37
157 176 37
376 438 37
483 56 37
224 266 37
162 223 37
270 234 37
73 22 36
416 247 36
244 235 36
1 38 36
278 434 36
92 17 36
276 195 36
124 476 36
278 310 36
14 256 36
96 407 35
164 320 35
31 128 35
102 317 35
32 187 35
265 232 35
122 326 35
89 134 35
153 397 35
355 438 34
381 313 34
365 180 34
260 32 34
301 230 34
142 62 34
128 281 34
90 288 34
314 220 34
409 336 34
388 365 34
370 102 34
229 461 34
92 300 34
180 174 34
408 84 33
459 170 33
293 254 33
123 292 33
312 131 33
479 69 33
259 145 33
154 319 33
213 396 33
476 479 33
150 360 33
58 14 33
498 126 33
499 270 33
250 78 33
346 279 33
100 109 33
369 464 32
15 447 32
315 267 32
167 396 32
339 479 32
211 217 32
497 305 32
329 121 32
234 171 31
405 83 31
301 359 31
282 284 31
277 448 31
45 382 31
117 260 31
342 161 31
153 167 31
124 336 31
35 103 31
155 412 31
368 8 30
125 238 30
39 103 30
131 433 30
69 188 30
477 207 30
109 475 30
454 39 30
405 129 30
462 164 30
136 344 29
222 232 29
5 368 29
143 154 29
52 67 29
70 309 29
177 492 29
457 321 29
7 487 29
162 246 29
189 378 29
11 460 29
334 419 29
305 378 29
428 91 29
348 127 29
295 185 29
295 182 28
119 196 28
211 303 28
408 126 28
219 497 28
221 345 28
353 79 28
188 276 28
414 409 28
220 106 28
460 157 28
379 191 27
78 462 27
185 56 27
247 119 27
147 401 27
90 87 27
17 103 27
321 77 27
443 234 27
74 165 27
259 21 27
430 248 27
328 473 27
435 192 27
494 408 26
185 460 26
351 280 26
445 157 26
105 474 26
309 189 26
17 204 26
224 296 26
487 25 26
327 88 26
43 484 26
343 17 26
340 355 26
166 318 25
15 13 25
460 190 25
208 264 25
417 250 25
118 163 25
263 385 25
310 183 25
294 363 25
257 240 25
57 388 25
329 354 25
245 433 25
151 370 25
299 361 25
276 43 25
245 359 24
209 220 24
390 448 24
295 375 24
160 208 24
329 316 24
116 325 24
32 448 24
35 272 24
178 70 23
269 34 23
389 60 23
39 423 23
340 348 23
376 319 23
350 71 23
401 325 23
488 3 23
52 264 23
97 420 23
491 10 22
26 173 22
144 230 22
361 328 22
293 7 22
287 58 22
22 163 22
51 456 22
100 402 22
312 455 22
282 327 22
245 187 22
226 395 22
157 117 22
433 142 21
142 260 21
139 264 21
145 76 21
46 432 21
226 274 21
246 72 21
61 350 21
202 249 21
36 481 21
238 270 21
200 15 20
296 247 20
291 319 20
311 417 20
278 325 20
86 359 20
287 144 20
34 329 20
78 478 20
125 325 20
193 355 19
353 385 19
30 352 19
195 247 19
249 450 19
333 232 19
302 165 19
111 148 19
196 209 19
447 248 19
137 444 19
351 456 19
71 446 19
369 176 19
198 322 19
241 149 19
336 134 18
402 356 18
441 434 18
183 204 18
159 359 18
114 281 18
60 349 18
344 148 18
256 159 18
53 41 18
54 155 18
312 270 18
101 396 18
219 2 17
321 459 17
457 140 17
349 88 17
232 221 17
354 244 17
39 85 17
164 124 17
273 162 17
148 420 17
17 473 17
224 244 16
238 103 16
236 242 16
241 212 16
220 69 16
458 185 16
296 389 16
42 138 16
371 197 16
152 445 16
495 244 15
210 287 15
379 174 15
242 294 15
349 28 15
347 454 15
164 431 15
218 310 15
406 478 15
59 15 15
178 192 14
372 52 14
80 463 14
441 197 14
274 20 14
370 54 14
347 247 14
78 467 14
130 222 14
415 446 14
295 9 14
282 348 14
428 439 13
34 367 13
154 309 13
206 421 13
158 337 13
122 468 13
348 390 13
343 191 13
196 141 13
329 300 13
379 462 13
88 310 13
159 15 13
203 389 12
260 140 12
192 426 12
381 482 12
433 57 12
246 163 12
404 305 12
129 44 12
345 326 12
348 78 12
140 87 12
86 212 12
425 302 12
230 338 12
192 304 11
6 122 11
371 183 11
94 237 11
25 391 11
21 165 11
381 346 11
188 441 11
314 263 11
458 201 11
394 335 11
430 169 11
336 432 11
278 268 10
139 376 10
195 63 10
236 331 10
6 437 10
97 35 10
313 12 10
74 25 10
160 471 10
244 406 10
472 303 10
27 393 9
414 68 9
21 10 9
349 465 9
386 395 9
478 304 9
350 26 9
156 309 9
438 460 9
463 291 9
256 424 9
341 439 9
421 498 9
340 95 9
410 209 8
11 30 8
170 297 8
176 216 8
150 91 8
151 465 8
32 435 8
34 243 8
245 29 8
254 470 8
295 57 8
459 62 8
267 56 7
449 87 7
311 26 7
207 156 7
284 273 7
375 435 7
204 405 7
123 425 7
188 70 7
12 478 7
353 67 7
285 427 7
371 446 7
333 456 7
163 60 6
195 228 6
17 467 6
444 294 6
206 203 6
241 421 6
135 371 6
465 17 6
47 187 6
280 342 5
194 341 5
361 11 5
279 200 5
129 415 5
200 397 5
19 451 5
320 499 5
244 376 5
308 93 5
59 186 4
253 15 4
341 370 4
354 306 4
299 480 4
115 369 4
360 441 4
465 395 4
407 360 4
95 236 4
332 223 4
487 458 4
56 155 4
328 414 4
24 423 4
389 439 4
137 251 4
114 423 3
352 142 3
129 177 3
144 443 3
487 429 3
403 306 3
43 46 3
10 490 3
299 340 3
89 106 3
256 367 3
116 157 3
86 145 2
103 263 2
357 482 2
323 50 2
317 270 2
226 314 2
490 210 2
236 394 2
133 22 2
97 16 2
187 353 2
70 111 2
335 85 2
31 26 2
189 486 1
95 71 1
209 377 1
446 421 1
217 296 1
307 185 1
429 490 1
196 138 1
88 49 1
208 40 1
443 326 1
141 38 1
469 394 1
205 284 1
359 390 1
230 404 -1
176 131 -1
404 339 -1
143 379 -1
250 497 -1
97 427 -1
195 51 -1
483 174 -1
489 11 -1
364 341 -1
402 253 -1
498 96 -1
497 109 -1
179 148 -1
366 208 -1
73 429 -1
184 194 -1
315 284 -1
72 97 -2
419 319 -2
342 269 -2
28 451 -2
96 17 -2
142 198 -2
309 93 -2
483 34 -2
301 458 -2
72 316 -2
286 371 -2
29 478 -3
92 51 -3
82 124 -3
313 441 -3
399 251 -3
242 180 -3
383 456 -3
367 133 -3
447 336 -3
291 455 -3
181 43 -3
132 8 -3
400 216 -3
267 411 -3
206 357 -3
291 84 -3
496 217 -3
411 305 -3
101 25 -3
420 489 -3
423 10 -4
213 472 -4
326 483 -4
34 475 -4
460 32 -4
131 120 -4
118 421 -4
185 180 -4
22 366 -4
331 447 -4
286 429 -4
127 450 -5
193 297 -5
411 124 -5
224 231 -5
476 427 -5
381 450 -5
89 84 -5
193 223 -5
237 490 -5
485 212 -5
341 394 -5
279 237 -5
78 20 -6
403 40 -6
46 230 -6
379 331 -6
312 351 -6
470 68 -6
251 247 -6
461 299 -6
155 150 -6
220 480 -6
38 222 -7
146 227 -7
429 115 -7
385 162 -7
205 435 -7
452 183 -7
493 48 -7
352 362 -7
26 323 -7
340 385 -7
299 451 -7
42 282 -7
403 236 -7
199 168 -7
343 42 -7
229 116 -8
165 98 -8
242 90 -8
234 309 -8
218 383 -8
178 114 -8
267 210 -8
3 187 -8
165 298 -8
137 274 -8
131 251 -8
433 137 -8
384 97 -8
218 424 -9
127 178 -9
69 451 -9
374 15 -9
374 372 -9
244 48 -9
463 287 -9
52 29 -9
189 72 -9
473 62 -9
293 455 -9
157 402 -9
348 329 -9
290 345 -9
443 377 -9
444 58 -9
197 5 -9
429 368 -9
68 315 -10
361 149 -10
85 220 -10
444 231 -10
44 236 -10
10 285 -10
437 115 -10
24 489 -10
148 110 -10
107 134 -10
245 302 -10
469 161 -10
169 190 -10
308 340 -10
43 89 -10
497 216 -10
131 292 -10
449 374 -11
357 102 -11
396 496 -11
322 258 -11
88 353 -11
5 401 -11
61 36 -11
285 257 -11
62 401 -11
404 6 -11
440 304 -11
423 361 -11
223 87 -11
159 107 -11
494 98 -12
286 39 -12
466 476 -12
459 38 -12
19 41 -12
350 82 -12
360 247 -12
208 304 -12
40 367 -13
34 191 -13
89 349 -13
232 487 -13
471 351 -13
381 3 -13
256 46 -13
57 214 -13
220 467 -13
344 395 -13
346 274 -14
135 96 -14
229 273 -14
54 26 -14
498 231 -14
364 60 -14
112 477 -14
316 120 -14
125 418 -14
133 247 -14
345 363 -14
316 273 -14
242 339 -14
262 240 -14
50 218 -14
92 18 -14
398 57 -15
85 274 -15
241 138 -15
374 50 -15
354 478 -15
15 52 -15
419 214 -15
311 150 -15
444 249 -15
260 381 -15
373 92 -15
449 52 -15
61 449 -15
272 247 -15
187 429 -15
152 429 -15
311 400 -15
325 163 -15
43 118 -16
288 190 -16
499 169 -16
261 234 -16
481 31 -16
225 303 -16
19 168 -16
110 45 -16
430 135 -16
68 153 -16
245 386 -16
232 249 -17
145 154 -17
61 318 -17
236 277 -17
69 369 -17
278 139 -17
308 360 -17
303 177 -17
25 40 -17
1 356 -17
464 142 -17
255 459 -17
133 162 -17
361 329 -17
281 393 -17
234 140 -18
396 164 -18
468 372 -18
3 388 -18
482 173 -18
42 65 -18
96 426 -18
24 231 -18
440 281 -18
162 54 -18
469 306 -18
470 154 -18
335 148 -18
7 260 -19
348 283 -19
109 255 -19
292 244 -19
128 9 -19
124 491 -19
327 190 -19
260 97 -19
235 84 -19
40 361 -19
87 289 -19
498 499 -19
97 390 -19
179 58 -19
212 417 -19
115 257 -20
191 368 -20
397 278 -20
126 257 -20
19 352 -20
386 227 -20
45 301 -20
182 482 -20
184 48 -20
343 89 -21
177 171 -21
213 431 -21
133 489 -21
310 470 -21
417 134 -21
460 469 -21
103 150 -21
16 177 -21
486 131 -21
427 193 -21
342 73 -21
409 215 -21
366 218 -21
429 376 -22
206 295 -22
212 217 -22
249 426 -22
413 411 -22
4 378 -22
415 200 -22
32 212 -23
112 370 -23
40 78 -23
36 239 -23
410 292 -23
458 374 -23
341 41 -23
39 87 -23
115 1 -23
379 493 -23
140 406 -23
274 248 -23
159 343 -24
108 186 -24
373 172 -24
88 245 -24
306 24 -24
488 338 -24
122 103 -24
205 310 -24
93 163 -24
286 320 -24
312 431 -24
23 265 -24
245 486 -25
194 362 -25
104 419 -25
365 470 -25
253 162 -25
218 263 -25
237 196 -25
349 108 -25
333 176 -25
3 488 -25
276 445 -25
335 248 -25
333 168 -25
246 59 -25
25 375 -25
239 294 -25
398 13 -25
423 355 -25
6 131 -25
200 135 -26
365 322 -26
354 7 -26
61 122 -26
342 12 -26
174 463 -26
98 63 -26
259 184 -26
478 393 -26
478 161 -26
95 486 -26
266 445 -26
278 482 -26
444 113 -26
451 246 -26
108 485 -27
284 479 -27
223 290 -27
290 312 -27
29 308 -27
269 418 -27
56 227 -27
236 112 -27
448 371 -27
144 90 -27
252 319 -27
496 354 -28
328 100 -28
306 315 -28
214 33 -28
69 59 -28
362 267 -28
108 310 -28
193 85 -28
413 24 -28
397 335 -28
60 51 -28
436 400 -28
298 316 -28
301 239 -28
246 376 -28
306 433 -28
381 36 -28
163 236 -28
72 424 -28
495 92 -28
430 87 -29
400 252 -29
495 465 -29
448 109 -29
450 396 -29
230 400 -29
24 313 -29
240 341 -29
118 413 -29
485 210 -29
277 477 -30
417 101 -30
114 375 -30
162 319 -30
301 368 -30
276 201 -30
443 81 -30
18 448 -30
375 173 -30
2 438 -30
171 352 -30
140 467 -30
366 432 -30
432 401 -30
146 111 -30
470 443 -30
429 304 -31
59 43 -31
220 246 -31
429 355 -31
337 398 -31
442 99 -31
390 146 -31
293 163 -31
60 161 -31
242 254 -31
3 428 -31
39 191 -31
489 175 -31
313 302 -31
372 209 -31
164 445 -31
225 484 -32
469 493 -32
85 300 -32
496 209 -32
187 384 -32
141 351 -32
32 394 -32
295 238 -32
186 60 -32
98 100 -32
339 391 -32
398 400 -32
222 45 -32
92 432 -32
400 184 -32
356 70 -33
26 113 -33
270 385 -33
137 224 -33
214 496 -33
415 54 -33
69 468 -33
462 213 -33
192 322 -33
156 388 -33
442 447 -33
239 330 -33
336 171 -34
177 329 -34
407 381 -34
407 380 -34
128 191 -34
217 213 -34
110 348 -34
430 499 -34
294 157 -34
69 48 -34
233 153 -34
217 182 -34
479 421 -34
111 154 -34
138 475 -34
139 469 -34
289 115 -34
80 195 -35
76 20 -35
486 373 -35
74 445 -35
369 75 -35
462 299 -35
328 329 -35
212 322 -35
6 292 -35
388 106 -35
195 18 -35
387 192 -35
393 197 -35
281 296 -36
223 83 -36
431 36 -36
374 95 -36
210 475 -36
43 313 -36
43 425 -36
394 11 -36
105 177 -36
90 147 -36
221 98 -36
105 211 -36
201 479 -36
76 478 -36
31 73 -36
315 437 -36
460 172 -37
329 491 -37
301 322 -37
453 58 -37
397 381 -37
251 136 -37
426 295 -37
492 496 -37
372 336 -37
200 47 -37
85 79 -37
360 457 -37
290 424 -37
29 429 -37
359 444 -37
34 497 -37
226 283 -37
376 334 -37
115 121 -38
7 419 -38
328 435 -38
222 216 -38
41 95 -38
345 52 -38
257 442 -38
76 197 -38
15 328 -38
357 184 -38
170 204 -38
13 83 -38
18 83 -38
68 368 -38
385 250 -38
466 75 -38
252 22 -39
292 232 -39
257 41 -39
119 58 -39
286 266 -39
298 7 -39
394 494 -39
443 469 -39
195 402 -39
134 424 -39
134 158 -39
89 485 -40
286 186 -40
79 104 -40
265 326 -40
385 249 -40
401 197 -40
483 12 -40
259 185 -40
387 269 -40
199 463 -40
496 266 -40
5 69 -40
47 105 -40
81 136 -40
45 235 -40
241 284 -40
236 333 -40
278 470 -41
477 200 -41
238 326 -41
327 132 -41
114 1 -41
76 467 -41
81 311 -41
474 44 -41
395 26 -41
359 464 -41
60 108 -41
58 322 -41
344 367 -41
387 99 -41
45 206 -41
204 114 -41
160 159 -41
23 146 -42
418 118 -42
205 44 -42
450 354 -42
48 349 -42
115 155 -42
434 332 -42
191 177 -42
343 423 -42
291 313 -42
173 248 -42
293 370 -42
381 352 -42
388 215 -42
13 192 -42
85 395 -42
267 125 -42
196 397 -42
256 437 -42
365 461 -43
221 350 -43
139 415 -43
74 81 -43
113 427 -43
8 345 -43
451 152 -43
469 437 -43
106 379 -43
184 434 -43
74 295 -43
10 455 -44
410 194 -44
107 413 -44
410 17 -44
25 497 -44
291 126 -44
122 344 -44
324 120 -44
3 41 -44
190 151 -44
35 474 -44
127 294 -45
168 454 -45
340 466 -45
79 358 -45
185 179 -45
55 428 -45
468 421 -45
430 278 -45
296 243 -45
219 316 -45
378 230 -45
269 32 -45
251 78 -45
354 373 -45
252 279 -45
284 361 -45
219 116 -45
227 354 -45
103 81 -45
206 146 -45
241 392 -46
71 473 -46
60 184 -46
7 289 -46
489 158 -46
260 231 -46
360 349 -46
56 70 -46
195 161 -46
10 288 -46
173 249 -46
38 42 -47
386 35 -47
466 327 -47
298 495 -47
239 207 -47
412 271 -47
463 113 -47
447 131 -47
204 103 -47
413 121 -48
259 130 -48
334 278 -48
433 430 -48
41 432 -48
76 77 -48
214 262 -48
50 192 -48
436 418 -48
338 44 -48
447 95 -48
421 283 -48
255 245 -48
310 199 -48
403 7 -48
340 488 -48
89 491 -49
111 7 -49
291 220 -49
404 128 -49
357 276 -49
157 10 -49
237 199 -49
324 255 -49
432 195 -50
444 223 -50
383 192 -50
242 357 -50
397 337 -50
295 293 -50
24 404 -50
337 372 -50
310 264 -50
274 451 -50
399 312 -50
312 203 -50
210 252 -50
239 21 -50
144 199 -50
359 32 -50
166 31 -50
105 343 -50
410 394 -50
84 470 -51
81 300 -51
341 224 -51
387 247 -51
493 143 -51
306 20 -51
185 399 -51
88 39 -51
18 199 -51
314 246 -51
375 183 -52
85 251 -52
25 61 -52
60 229 -52
24 151 -52
398 55 -52
130 71 -52
293 8 -52
234 459 -52
346 23 -52
60 42 -52
55 332 -52
148 180 -52
355 264 -52
150 441 -52
275 26 -53
188 450 -53
157 280 -53
339 383 -53
1 278 -53
454 166 -53
497 86 -53
390 200 -53
143 444 -53
318 414 -53
216 395 -53
307 200 -53
446 90 -53
235 452 -53
174 163 -53
248 400 -53
222 279 -53
52 31 -53
242 297 -53
235 138 -53
1 400 -53
155 444 -54
120 71 -54
5 326 -54
211 182 -54
180 495 -54
385 483 -54
256 371 -54
109 256 -54
195 317 -54
113 335 -54
453 279 -54
463 365 -54
355 463 -54
12 151 -54
79 221 -54
377 5 -54
170 269 -54
62 428 -54
314 79 -54
113 79 -54
127 94 -54
311 419 -54
122 271 -55
370 11 -55
127 51 -55
433 494 -55
468 235 -55
13 322 -55
178 292 -55
74 449 -55
294 107 -55
16 461 -55
46 328 -55
416 236 -55
64 42 -55
71 9 -55
303 109 -56
165 215 -56
494 106 -56
162 121 -56
399 324 -56
74 28 -56
44 35 -56
82 188 -56
200 161 -56
410 140 -56
17 294 -56
30 24 -56
80 114 -56
148 43 -56
480 345 -57
335 421 -57
332 143 -57
90 313 -57
149 137 -57
349 83 -57
370 222 -57
311 410 -57
327 2 -57
240 66 -57
436 216 -57
38 65 -57
417 9 -57
466 283 -57
460 326 -57
351 318 -58
293 215 -58
57 280 -58
117 171 -58
129 413 -58
309 204 -58
230 225 -59
377 483 -59
315 393 -59
118 464 -59
267 128 -59
13 312 -59
423 454 -59
487 474 -59
208 411 -59
193 373 -59
318 446 -59
427 498 -59
425 5 -59
207 190 -59
397 362 -59
48 298 -60
432 21 -60
461 26 -60
442 325 -60
100 332 -60
328 378 -60
313 29 -60
102 484 -60
133 355 -60
393 287 -60
78 173 -60
248 251 -60
313 451 -60
42 494 -60
365 185 -61
290 333 -61
463 461 -61
407 100 -61
281 404 -61
5 468 -61
219 403 -61
327 457 -61
184 2 -61
218 186 -61
224 10 -61
359 344 -61
283 324 -61
445 410 -61
147 214 -61
449 73 -61
326 341 -62
414 289 -62
49 30 -62
402 151 -62
18 481 -62
290 104 -62
313 68 -62
352 27 -62
164 453 -62
236 431 -62
251 122 -62
80 291 -62
295 70 -62
294 71 -62
124 11 -62
109 179 -62
315 65 -62
199 61 -62
357 73 -63
114 182 -63
157 337 -63
478 405 -63
427 268 -63
312 240 -63
25 15 -63
330 435 -63
150 147 -63
367 177 -63
90 245 -63
461 53 -63
299 35 -63
167 39 -63
263 397 -63
424 13 -63
334 337 -64
388 79 -64
16 246 -64
201 174 -64
55 76 -64
178 310 -64
463 428 -64
359 247 -64
479 282 -65
142 140 -65
90 202 -65
153 165 -65
337 184 -65
453 439 -65
158 476 -65
265 428 -65
165 175 -65
291 334 -65
435 441 -65
292 414 -65
349 190 -65
485 206 -65
247 249 -65
153 30 -65
228 42 -65
79 24 -65
224 446 -66
58 279 -66
221 355 -66
370 180 -66
400 445 -66
473 26 -66
222 383 -66
324 465 -66
331 256 -66
285 291 -66
383 115 -66
186 54 -66
126 174 -66
464 74 -66
16 92 -66
122 45 -66
470 62 -66
428 278 -66
39 263 -66
365 384 -66
408 411 -66
395 356 -67
63 237 -67
148 9 -67
358 98 -67
35 109 -67
131 426 -67
481 183 -67
423 426 -67
495 138 -67
445 111 -67
203 408 -67
45 316 -67
431 164 -67
392 189 -67
473 295 -67
154 14 -67
309 132 -68
76 445 -68
262 443 -68
153 12 -68
477 486 -68
282 231 -68
452 407 -68
253 432 -68
299 76 -68
445 215 -68
405 79 -68
52 436 -68
351 309 -68
179 17 -68
12 454 -68
487 107 -68
465 402 -68
70 135 -68
4 413 -68
123 366 -68
420 460 -68
354 169 -68
394 312 -69
222 498 -69
245 460 -69
284 297 -69
428 85 -69
232 187 -69
227 318 -69
136 199 -69
376 393 -69
61 208 -69
448 368 -69
58 183 -69
29 53 -69
83 339 -69
193 240 -69
331 249 -69
20 344 -69
481 171 -69
37 317 -69
93 494 -69
383 58 -70
496 390 -70
467 264 -70
492 391 -70
377 424 -70
195 140 -70
124 196 -70
345 341 -70
325 36 -70
474 43 -70
85 362 -70
82 392 -70
98 195 -70
303 219 -70
263 376 -70
454 333 -70
22 79 -71
354 490 -71
433 319 -71
73 93 -71
251 347 -71
490 301 -71
198 460 -71
45 471 -71
209 145 -71
46 466 -71
152 361 -71
405 383 -71
335 302 -71
375 388 -71
409 472 -72
342 459 -72
392 121 -72
156 210 -72
8 246 -72
492 333 -72
222 462 -72
106 166 -72
336 219 -72
200 205 -72
481 458 -72
481 295 -72
341 466 -72
428 125 -73
226 388 -73
54 96 -73
125 464 -73
33 29 -73
389 196 -73
378 121 -73
348 55 -73
32 386 -73
301 272 -73
370 378 -73
491 362 -74
143 461 -74
236 442 -74
371 228 -74
399 35 -74
55 368 -74
419 4 -74
311 275 -74
130 250 -74
349 253 -74
181 98 -74
392 417 -74
452 311 -74
260 373 -74
162 125 -74
471 4 -74
344 476 -75
471 350 -75
431 463 -75
495 413 -75
205 46 -75
217 64 -75
98 325 -75
291 76 -75
233 435 -75
471 348 -75
391 178 -75
325 143 -75
124 318 -75
27 40 -76
488 232 -76
40 208 -76
428 44 -76
294 397 -76
140 83 -76
262 292 -76
449 120 -76
439 304 -76
312 33 -76
414 480 -76
437 131 -76
327 382 -76
286 413 -76
25 86 -76
81 19 -77
7 336 -77
479 144 -77
79 498 -77
432 65 -77
318 172 -77
423 400 -77
38 235 -77
169 242 -77
74 110 -78
124 107 -78
183 31 -78
189 373 -78
159 155 -78
488 325 -78
383 196 -78
138 486 -78
48 15 -78
62 473 -78
235 2 -78
57 248 -79
483 141 -79
160 384 -79
20 423 -79
196 154 -79
493 315 -79
493 395 -79
392 391 -79
454 250 -79
152 489 -79
392 231 -79
182 50 -79
497 81 -79
121 303 -79
191 217 -80
304 164 -80
114 435 -80
154 170 -80
84 443 -80
163 395 -80
98 78 -80
289 188 -80
43 62 -80
381 24 -81
209 408 -81
192 363 -81
282 375 -81
284 5 -81
452 168 -81
306 430 -81
198 92 -81
434 356 -81
317 113 -81
144 330 -81
165 18 -81
183 210 -82
36 162 -82
466 250 -82
443 123 -82
127 498 -82
455 342 -82
149 35 -82
12 282 -82
474 25 -82
294 490 -82
252 243 -82
44 222 -82
282 194 -82
59 195 -83
127 398 -83
254 462 -83
191 493 -83
236 268 -83
407 448 -83
219 489 -83
488 457 -83
216 212 -83
455 298 -83
203 439 -84
236 3 -84
35 79 -84
390 395 -84
220 370 -84
245 389 -84
236 258 -84
126 158 -84
269 77 -84
406 325 -84
90 352 -84
311 144 -84
312 248 -84
236 146 -84
299 131 -85
77 146 -85
228 456 -85
162 171 -85
279 423 -85
194 421 -85
132 45 -85
462 406 -85
200 277 -85
366 358 -85
45 438 -85
438 454 -85
433 125 -85
231 254 -85
343 159 -85
343 132 -85
326 30 -85
277 492 -85
131 54 -86
417 264 -86
383 80 -86
101 388 -86
467 214 -86
385 264 -86
61 145 -86
489 360 -86
311 118 -86
469 453 -86
118 262 -86
259 56 -87
455 436 -87
120 499 -87
219 435 -87
109 207 -87
483 239 -87
304 148 -87
357 399 -87
347 293 -87
26 179 -87
472 229 -87
410 174 -87
85 191 -88
435 448 -88
48 449 -88
6 256 -88
107 335 -88
2 201 -88
194 452 -88
236 411 -88
188 358 -88
440 102 -88
79 138 -89
407 144 -89
238 484 -89
326 473 -89
27 375 -89
78 263 -89
442 301 -89
243 177 -89
332 170 -89
432 480 -89
242 31 -89
50 336 -89
207 78 -89
226 80 -89
396 72 -89
359 317 -89
349 92 -89
206 173 -89
105 17 -89
331 432 -90
433 85 -90
43 491 -90
190 174 -90
353 483 -90
43 9 -90
393 110 -90
156 41 -90
213 355 -90
462 147 -90
178 264 -90
442 190 -90
375 233 -90
226 113 -90
221 150 -90
208 322 -90
363 82 -90
101 422 -90
467 49 -91
142 322 -91
233 143 -91
304 9 -91
316 479 -91
127 45 -91
126 109 -91
82 316 -91
229 385 -91
351 282 -91
166 390 -91
371 499 -91
386 490 -92
371 31 -92
412 99 -92
261 419 -92
128 161 -92
462 74 -92
476 477 -92
192 14 -92
300 419 -93
276 260 -93
461 370 -93
429 358 -93
118 255 -93
317 89 -93
94 209 -93
318 449 -93
312 440 -93
316 55 -93
267 235 -93
409 269 -93
461 23 -93
330 226 -93
39 277 -93
96 60 -93
77 43 -93
412 287 -93
209 3 -93
438 408 -93
296 440 -93
208 256 -93
449 13 -93
203 99 -93
127 396 -93
299 373 -94
263 198 -94
428 259 -94
417 10 -94
138 328 -94
443 462 -94
61 84 -94
56 167 -94
383 292 -94
94 289 -94
430 106 -94
27 138 -94
389 220 -94
479 181 -94
317 227 -94
487 169 -95
213 59 -95
412 171 -95
346 175 -95
50 256 -95
301 24 -95
410 261 -95
71 285 -95
458 77 -95
293 216 -95
372 229 -95
47 340 -95
311 370 -95
35 64 -96
379 363 -96
39 101 -96
59 477 -96
111 398 -96
135 270 -96
200 237 -96
466 176 -96
175 430 -96
462 18 -96
467 22 -96
70 6 -96
447 284 -96
12 346 -96
9 234 -96
354 297 -96
76 33 -96
11 106 -97
286 51 -97
346 269 -97
15 112 -97
152 357 -97
307 191 -97
411 1 -97
132 474 -97
357 474 -97
244 478 -97
236 454 -97
301 178 -97
253 295 -97
126 443 -98
228 254 -98
430 101 -98
81 264 -98
9 133 -98
327 308 -98
476 113 -98
70 362 -98
368 438 -98
312 379 -98
177 421 -98
167 219 -98
355 375 -98
324 146 -98
137 325 -98
24 100 -98
301 469 -98
11 373 -98
392 182 -98
88 365 -98
298 349 -99
483 411 -99
140 401 -99
61 485 -99
98 7 -99
459 279 -99
295 119 -99
101 308 -99
55 37 -99
219 12 -99
488 245 -99
323 318 -99
125 154 -99
345 117 -99
272 420 -99
64 207 -99
105 436 -99
118 172 -99
427 105 -99
247 128 -99
50 482 -99
455 281 -99
294 334 -99
173 383 -99
443 148 -100
161 193 -100
357 237 -100
126 284 -100
412 256 -100
390 239 -100
424 245 -100
493 39 -100
346 131 -100
353 69 -100
151 414 -100
330 365 -100
487 468 -100
232 363 -100
