-13745
42 20 90
3 45 88
45 43 86
86 75 83
45 90 81
6 2 79
94 21 78
22 94 78
20 32 75
90 30 74
2 62 74
34 76 73
46 34 72
68 21 71
14 21 69
67 98 69
3 26 69
84 14 68
71 25 68
77 13 68
66 4 67
32 44 67
52 23 66
30 44 66
90 17 65
69 67 64
42 12 64
72 86 64
4 56 64
22 30 63
15 30 63
21 68 62
62 23 62
46 43 62
77 42 62
99 3 61
5 8 61
1 39 61
60 84 60
62 60 60
77 70 60
61 11 59
62 42 59
27 59 59
98 82 58
32 46 57
71 19 57
49 11 57
42 86 57
74 1 57
54 90 56
97 83 56
64 67 56
23 64 55
28 6 55
11 54 55
20 46 55
64 59 55
82 27 55
39 20 54
96 59 54
15 93 54
82 76 54
28 15 53
60 93 53
51 47 53
29 46 53
1 97 53
78 84 53
79 77 53
95 4 53
4 67 53
72 31 53
28 78 52
25 71 52
50 23 52
26 42 52
25 18 52
53 92 51
89 83 51
48 66 51
71 95 51
40 6 51
2 97 51
12 53 51
77 44 51
72 26 50
99 73 50
93 75 50
89 53 50
20 61 50
62 7 50
74 5 50
4 16 50
8 23 49
67 34 48
71 56 48
47 96 48
53 87 48
49 28 48
65 83 48
83 54 47
68 85 47
90 7 47
28 11 47
43 62 46
29 90 46
41 48 45
75 77 45
37 61 45
19 25 45
58 28 44
93 12 44
49 71 44
5 21 44
50 63 44
94 33 44
80 11 43
89 63 43
15 29 43
63 72 43
98 92 43
44 51 42
4 70 42
1 21 41
65 84 41
64 54 41
86 55 41
61 83 41
62 71 40
85 93 40
89 22 40
31 96 40
14 26 40
77 1 39
33 39 39
51 89 39
34 97 38
3 39 38
19 12 38
62 98 37
41 57 37
81 38 37
45 66 37
34 55 37
66 46 37
3 77 36
21 34 36
26 65 35
49 30 35
3 62 35
30 20 35
39 82 35
8 74 35
46 3 35
81 26 35
52 46 35
90 41 34
66 40 34
16 17 34
76 29 34
35 15 34
83 78 33
7 10 33
86 57 33
68 33 33
42 16 33
18 40 33
84 78 32
28 84 32
2 88 32
86 42 32
15 24 32
16 91 31
71 31 31
7 4 31
5 64 31
1 94 31
63 86 31
44 50 30
40 51 30
39 78 30
81 90 30
89 32 30
39 64 29
36 84 29
69 31 28
63 91 28
14 8 28
40 22 28
54 76 28
61 38 27
4 94 27
92 99 26
60 49 26
55 85 26
92 10 25
96 25 25
3 19 25
31 42 25
84 69 25
13 55 24
75 6 24
53 91 23
69 54 23
66 43 23
67 70 22
64 95 22
22 78 22
24 50 22
27 89 22
48 2 22
68 34 22
35 18 22
53 97 22
25 86 21
67 99 21
37 40 21
27 20 21
3 10 20
98 25 20
97 39 20
45 63 20
79 46 20
72 45 20
64 72 19
89 92 19
94 16 19
81 8 19
92 61 19
50 13 19
91 73 19
47 50 18
67 35 18
72 61 18
21 51 18
4 81 18
70 83 17
78 75 17
69 1 17
56 89 17
24 78 17
99 68 17
83 63 17
83 74 16
58 81 16
67 9 16
78 96 16
46 37 16
73 72 16
59 68 16
57 93 15
71 89 15
67 4 15
49 93 15
12 64 14
69 68 14
61 6 14
72 73 14
48 76 14
13 64 14
76 16 14
28 34 14
67 90 13
77 81 13
14 80 13
29 75 12
97 11 12
63 3 12
82 92 12
67 41 12
35 61 11
93 18 11
89 54 11
61 96 11
10 94 11
85 96 11
35 8 11
53 82 11
44 91 10
14 98 10
4 61 10
49 21 10
37 87 10
40 64 10
45 17 9
63 13 9
94 80 9
58 23 8
59 11 8
55 92 8
12 22 7
57 59 7
94 83 7
23 95 7
58 50 7
2 64 7
77 3 7
89 12 6
38 20 6
32 43 6
24 79 6
6 16 6
19 81 5
31 92 5
12 58 5
2 15 5
16 99 4
92 95 4
45 2 3
26 58 3
40 26 3
36 6 3
20 47 3
59 5 3
21 25 2
41 34 2
12 56 2
53 40 2
14 74 2
98 44 2
63 74 2
12 24 2
32 56 2
17 79 2
69 89 1
50 72 1
72 53 -1
59 12 -1
12 73 -2
74 76 -2
27 88 -2
25 72 -2
58 96 -2
39 8 -2
97 56 -3
16 61 -3
57 52 -3
98 40 -3
58 93 -3
8 79 -3
47 20 -3
12 2 -3
75 40 -3
56 42 -3
17 39 -4
75 24 -4
2 18 -4
77 32 -4
48 21 -4
55 52 -5
75 84 -5
48 13 -5
3 67 -6
9 48 -6
73 64 -6
66 55 -6
46 23 -6
59 94 -6
25 87 -7
32 2 -7
99 61 -7
17 54 -7
82 43 -8
86 99 -8
12 48 -8
67 58 -9
86 89 -9
79 25 -9
8 51 -10
89 64 -10
56 61 -10
72 36 -11
54 98 -11
13 76 -12
23 69 -12
91 52 -13
25 59 -13
37 44 -14
15 51 -14
22 82 -14
83 13 -15
76 80 -16
88 63 -16
5 70 -16
69 34 -16
46 8 -16
79 87 -17
27 7 -17
18 28 -17
77 98 -18
78 57 -18
37 59 -18
78 41 -19
64 35 -19
32 88 -19
1 38 -19
7 28 -19
63 37 -19
50 98 -20
35 93 -20
31 26 -20
77 28 -20
46 35 -20
70 73 -20
11 93 -21
4 69 -21
13 19 -21
55 81 -21
37 27 -21
32 92 -22
80 97 -22
56 22 -22
74 32 -23
36 30 -23
31 19 -23
72 16 -23
35 72 -23
34 23 -24
97 60 -24
89 98 -24
17 56 -24
24 11 -24
40 94 -24
17 95 -25
95 69 -25
10 99 -25
3 65 -25
92 81 -25
66 18 -25
43 49 -25
33 72 -25
81 59 -25
11 66 -25
60 75 -26
19 55 -26
43 7 -26
74 40 -26
38 30 -26
54 18 -26
23 15 -27
23 72 -27
47 62 -28
54 22 -28
72 17 -28
86 71 -29
34 86 -29
35 14 -29
34 7 -29
98 24 -30
65 30 -30
4 42 -30
3 21 -30
48 15 -30
50 35 -31
81 13 -31
7 17 -31
20 87 -31
84 98 -31
62 47 -32
43 47 -32
93 85 -32
55 35 -32
53 68 -32
56 84 -32
56 37 -32
57 74 -33
18 24 -33
47 5 -33
48 10 -33
59 23 -33
70 17 -33
16 25 -33
13 50 -34
69 4 -34
4 1 -34
20 64 -34
7 19 -34
59 47 -35
18 34 -35
30 55 -35
15 13 -35
18 94 -35
61 93 -36
4 26 -36
97 2 -36
30 35 -36
76 33 -37
14 88 -37
21 56 -37
77 17 -37
94 55 -37
15 14 -37
39 76 -38
95 14 -38
74 56 -38
53 8 -38
58 2 -38
59 76 -38
6 35 -38
54 29 -38
91 48 -39
71 10 -39
41 39 -39
69 85 -39
47 56 -39
14 87 -39
92 2 -40
58 6 -40
51 91 -40
48 90 -40
76 66 -41
2 95 -41
39 46 -41
62 52 -41
68 7 -42
29 26 -42
18 2 -42
6 14 -43
87 31 -43
90 89 -43
75 95 -43
47 36 -43
39 63 -44
50 26 -44
74 80 -44
53 80 -44
89 84 -44
49 34 -44
53 14 -45
98 93 -45
59 79 -45
17 55 -45
79 3 -46
20 85 -46
3 56 -46
81 65 -46
97 35 -47
2 60 -47
46 74 -47
61 54 -47
47 37 -47
83 39 -47
41 92 -47
90 23 -48
53 43 -49
36 72 -49
2 27 -49
22 52 -49
52 97 -50
69 88 -50
95 22 -51
42 21 -51
19 47 -51
3 46 -51
90 6 -51
67 84 -51
46 66 -51
4 66 -52
14 54 -52
12 71 -52
5 92 -52
46 12 -52
17 28 -52
89 37 -52
15 53 -52
82 48 -52
86 74 -52
48 18 -53
69 25 -53
61 66 -53
67 66 -53
84 75 -53
52 22 -53
18 83 -53
3 91 -54
43 67 -54
5 31 -54
59 24 -55
30 84 -55
78 10 -55
54 97 -55
22 33 -55
59 8 -55
32 30 -55
40 69 -56
78 67 -56
45 29 -56
85 8 -56
14 1 -56
40 4 -56
56 95 -57
20 69 -57
79 30 -57
47 82 -57
45 95 -57
99 96 -57
30 45 -58
68 92 -58
38 85 -59
85 3 -59
95 5 -59
92 55 -59
15 45 -59
9 77 -59
70 77 -60
6 56 -60
1 79 -60
76 63 -60
35 34 -60
88 33 -61
78 22 -61
82 38 -61
50 46 -61
62 95 -61
99 67 -61
36 83 -61
97 54 -62
51 97 -62
52 86 -62
79 71 -62
19 7 -63
78 11 -63
50 6 -63
43 84 -63
63 73 -64
99 81 -64
31 84 -64
91 76 -64
85 46 -65
66 49 -65
32 57 -66
2 42 -66
29 60 -66
29 99 -66
50 60 -66
20 54 -66
76 55 -67
35 64 -67
61 30 -67
4 14 -67
63 66 -68
9 5 -68
83 72 -68
16 97 -69
86 91 -69
59 28 -70
68 93 -70
53 65 -70
60 86 -70
28 9 -70
7 65 -70
32 27 -70
53 93 -70
95 37 -71
68 52 -71
94 64 -71
81 19 -72
68 23 -72
14 30 -72
51 98 -72
60 33 -73
10 88 -73
62 24 -73
93 63 -73
34 68 -73
64 42 -74
96 78 -74
61 71 -74
47 93 -74
20 55 -74
58 10 -74
48 53 -74
94 39 -74
9 16 -74
88 97 -74
61 25 -75
47 88 -75
80 66 -75
21 32 -75
15 72 -75
57 41 -75
50 70 -76
48 87 -76
60 63 -77
6 1 -77
31 12 -77
10 90 -77
90 22 -78
21 47 -78
59 20 -78
36 18 -79
78 6 -79
34 60 -79
20 27 -79
94 24 -79
2 49 -79
83 31 -79
94 13 -79
75 69 -80
76 86 -80
62 45 -80
2 80 -80
89 4 -80
96 42 -80
87 81 -80
36 87 -81
93 4 -81
84 50 -81
45 6 -82
88 55 -82
53 54 -82
46 13 -82
18 95 -83
14 97 -83
3 8 -83
93 24 -83
98 94 -84
49 6 -84
66 9 -84
96 46 -84
71 68 -84
23 56 -84
80 68 -84
79 51 -84
23 25 -84
6 52 -84
21 84 -85
50 76 -85
27 55 -85
79 26 -86
46 84 -86
67 49 -86
68 79 -86
53 52 -86
1 47 -86
37 33 -87
43 12 -87
6 64 -87
15 20 -87
82 97 -87
85 86 -87
6 77 -87
75 44 -88
88 78 -88
70 8 -88
25 9 -88
40 76 -88
84 45 -88
22 3 -88
23 82 -89
93 3 -89
36 54 -89
10 12 -89
16 39 -90
72 98 -90
4 2 -90
21 72 -91
70 7 -91
42 72 -91
85 69 -91
88 79 -91
72 69 -91
49 24 -92
90 32 -92
50 66 -92
59 48 -92
3 66 -92
52 48 -93
26 16 -93
84 41 -93
20 82 -93
73 25 -93
97 27 -93
16 1 -93
40 41 -93
35 73 -94
85 57 -94
16 30 -94
94 74 -94
83 20 -95
27 98 -95
48 14 -96
51 6 -96
85 23 -96
35 22 -96
57 97 -96
87 88 -96
43 65 -97
61 49 -97
54 88 -97
26 23 -97
77 47 -97
34 77 -98
62 39 -98
96 88 -98
65 58 -98
16 51 -98
50 83 -98
37 45 -99
99 27 -99
91 3 -99
66 14 -100
74 73 -100
47 78 -100
87 1 -100
