-1311
22 1 96
7 4 95
27 21 94
20 27 94
21 24 92
3 12 92
27 4 92
12 11 92
5 17 92
9 1 92
23 11 92
2 3 91
1 28 91
17 29 91
18 13 91
22 3 90
16 3 90
27 12 90
3 23 89
9 12 89
25 28 89
15 24 88
21 15 88
10 20 87
17 24 87
19 23 87
1 13 86
3 9 86
9 29 86
28 11 85
8 19 85
25 17 85
9 5 85
5 28 84
21 5 84
20 7 84
7 15 84
6 2 84
1 5 83
14 15 83
24 28 83
13 29 83
21 23 83
23 16 82
3 17 82
1 19 82
8 11 82
15 16 81
3 20 81
2 13 81
10 12 80
5 26 80
5 7 79
19 2 79
26 6 79
14 21 79
4 6 79
13 25 79
19 4 79
12 15 78
4 15 78
12 5 78
4 21 78
21 16 77
20 28 77
1 17 76
14 20 76
10 19 76
27 6 76
14 3 76
10 22 75
29 5 75
1 26 75
21 8 75
8 22 75
10 17 75
5 2 74
24 20 74
1 27 74
5 15 73
28 12 72
10 14 72
4 5 72
1 3 72
9 3 72
14 8 71
22 14 71
23 26 70
2 19 70
15 5 70
1 18 70
10 25 69
3 27 69
22 17 69
28 10 69
8 1 69
19 25 68
7 22 68
4 17 68
19 21 68
28 27 68
2 8 68
20 11 68
11 6 68
25 9 68
23 21 67
8 16 67
13 18 67
11 20 67
2 15 66
17 12 66
18 12 66
17 7 66
23 12 65
16 9 65
12 4 65
28 26 64
22 10 64
24 27 64
28 4 63
28 13 63
28 2 63
8 3 62
21 9 62
11 16 62
5 13 62
19 28 61
3 19 60
12 6 60
3 15 60
10 28 60
18 15 59
28 21 59
8 17 59
19 22 59
22 26 59
5 6 58
28 16 58
2 10 58
25 29 58
21 7 57
8 18 57
19 16 57
9 14 57
19 8 56
6 7 56
1 23 56
13 4 56
28 6 55
14 26 55
12 14 55
8 26 55
1 25 54
19 7 54
14 5 54
26 7 54
21 2 53
27 16 53
27 11 53
16 10 53
22 11 52
11 26 52
22 9 52
1 2 52
4 26 51
7 26 51
15 12 51
26 11 51
17 26 51
11 10 51
19 5 51
29 16 49
23 29 49
10 18 49
24 1 49
17 8 49
28 3 49
19 18 48
28 17 48
26 24 48
22 15 48
16 26 48
23 27 48
23 9 47
25 20 47
7 11 47
29 23 47
12 7 47
27 10 47
22 5 46
29 17 46
21 29 46
16 14 46
28 23 45
18 3 45
3 10 45
17 13 44
6 12 44
4 20 44
4 8 44
18 2 43
21 4 43
17 22 43
5 18 43
17 20 43
29 4 43
8 6 43
29 1 42
8 7 42
7 20 42
23 22 42
15 13 41
16 1 40
17 5 39
13 24 39
9 8 39
1 29 39
21 14 38
15 9 38
28 22 38
25 13 37
18 7 37
19 15 37
8 13 37
23 10 37
10 2 36
26 8 36
24 11 36
2 5 36
29 20 36
3 25 36
18 26 35
12 27 35
8 15 35
14 12 34
6 4 34
6 8 34
2 18 34
6 13 34
20 8 33
20 13 33
26 4 33
7 14 33
22 27 32
10 21 32
14 7 31
25 10 31
6 21 31
5 10 30
21 13 30
12 26 30
11 21 30
9 21 30
24 10 30
17 28 30
23 18 29
5 20 29
6 9 29
10 15 28
10 13 28
18 21 28
9 11 28
29 25 28
15 29 28
3 8 28
3 18 28
9 17 27
8 25 27
17 18 26
4 14 26
19 13 26
23 8 26
6 27 26
9 15 25
20 21 25
24 15 25
27 2 25
27 14 25
25 15 25
29 22 25
4 3 25
7 21 24
10 7 24
20 1 24
18 1 23
7 2 23
24 9 23
2 14 23
23 13 23
22 20 23
9 27 23
28 18 23
24 13 23
21 20 22
29 18 22
6 1 21
11 12 21
26 21 21
22 13 21
20 5 20
3 14 20
5 9 20
26 1 20
11 24 20
8 20 19
21 28 19
20 2 19
2 12 19
9 7 18
9 22 18
22 18 18
4 11 18
29 15 18
6 25 17
18 22 17
15 6 17
6 11 17
10 6 16
7 24 16
9 16 16
3 24 16
14 6 15
27 13 15
20 9 14
24 5 14
26 13 13
2 20 13
28 8 13
15 26 12
13 11 12
15 23 12
6 23 11
3 13 11
20 16 11
5 4 11
17 21 11
18 17 11
22 2 10
27 9 10
24 16 10
4 25 10
18 25 10
15 19 9
15 18 9
16 13 9
7 5 9
22 4 8
3 2 8
6 22 8
20 29 7
16 27 6
13 17 6
9 19 6
11 13 6
23 14 6
28 25 5
7 18 5
19 1 5
17 1 4
15 3 4
20 14 3
1 15 3
15 10 3
12 23 2
23 5 2
24 29 1
22 21 1
18 5 1
15 2 1
8 9 1
15 14 1
24 14 -1
21 22 -2
27 1 -2
6 17 -2
11 3 -2
19 20 -2
4 19 -2
10 5 -3
11 19 -3
7 10 -3
13 2 -4
26 2 -4
10 29 -4
26 14 -4
27 3 -4
29 7 -4
14 1 -5
3 1 -5
23 4 -5
17 23 -5
2 16 -5
14 13 -6
16 29 -6
3 21 -6
15 21 -6
12 8 -6
22 12 -6
13 19 -6
12 13 -7
3 5 -7
13 26 -7
4 9 -7
16 25 -7
8 27 -7
17 4 -8
23 25 -9
5 3 -9
29 26 -9
2 25 -9
19 9 -10
23 6 -10
4 23 -10
15 1 -10
10 3 -10
26 19 -10
15 17 -10
12 17 -11
7 1 -11
17 16 -11
11 25 -11
10 1 -12
6 5 -12
20 17 -12
23 2 -12
27 15 -12
13 27 -13
23 28 -13
5 19 -13
4 18 -13
24 21 -13
7 3 -13
10 27 -14
9 25 -14
2 11 -14
7 25 -14
11 17 -15
12 9 -15
19 17 -15
27 28 -15
25 11 -15
11 22 -16
26 3 -16
1 12 -16
29 12 -16
5 1 -17
13 10 -17
3 22 -17
5 21 -17
17 2 -17
21 3 -18
1 11 -19
21 11 -19
20 22 -19
1 20 -20
23 24 -20
16 6 -20
26 23 -20
21 19 -20
18 24 -20
13 12 -20
4 27 -20
18 28 -21
22 28 -21
6 19 -21
28 24 -21
21 1 -21
14 4 -21
5 23 -22
10 26 -22
26 17 -22
1 9 -22
2 4 -22
1 14 -22
7 8 -23
4 12 -23
16 20 -23
25 21 -24
8 10 -24
11 15 -24
18 9 -25
14 24 -25
24 26 -25
4 28 -25
2 7 -26
16 4 -26
14 25 -26
18 27 -27
29 28 -27
5 16 -28
28 14 -28
7 13 -28
18 4 -28
7 6 -28
18 19 -28
20 12 -29
2 28 -29
5 27 -30
6 18 -30
29 14 -30
18 10 -30
11 18 -30
29 24 -31
22 24 -31
14 28 -31
16 18 -32
27 24 -32
25 23 -32
12 25 -32
24 23 -32
26 20 -32
3 7 -32
14 10 -32
20 19 -32
22 8 -33
9 26 -33
3 11 -33
27 25 -33
23 7 -33
14 18 -34
29 2 -34
24 2 -34
19 10 -34
27 18 -35
15 20 -35
12 10 -35
7 23 -36
20 26 -37
12 24 -37
12 18 -37
24 25 -37
13 21 -38
20 3 -38
1 21 -38
25 7 -38
19 24 -38
8 4 -38
27 17 -39
26 10 -39
4 29 -40
24 6 -40
9 18 -40
18 6 -41
22 16 -42
15 27 -42
12 20 -42
18 20 -42
25 27 -42
15 11 -43
8 12 -43
24 18 -44
24 19 -44
22 7 -44
25 14 -44
6 3 -44
16 8 -45
29 27 -45
22 29 -45
25 2 -45
8 5 -45
2 27 -46
10 11 -46
15 7 -46
25 19 -46
10 24 -46
6 10 -46
7 9 -47
8 28 -47
14 2 -47
8 23 -48
18 8 -48
26 16 -48
14 22 -49
21 18 -49
1 10 -49
5 12 -49
11 4 -49
6 26 -49
7 28 -49
1 16 -50
25 22 -50
16 22 -50
16 28 -50
11 23 -52
24 22 -53
1 24 -54
2 21 -54
29 8 -55
11 9 -55
9 13 -55
25 4 -55
12 28 -55
4 1 -55
27 23 -55
9 2 -55
13 5 -55
26 29 -55
5 24 -56
11 27 -56
16 21 -56
20 23 -56
20 18 -56
26 18 -56
17 6 -57
24 12 -58
4 24 -58
26 9 -58
7 17 -59
3 28 -59
18 11 -59
13 9 -60
11 14 -60
24 7 -60
21 12 -60
26 25 -60
22 23 -60
20 24 -61
14 19 -61
17 25 -62
3 16 -62
15 28 -62
23 19 -63
28 9 -63
14 16 -63
13 15 -63
11 28 -63
12 19 -64
29 19 -64
5 25 -64
12 21 -65
9 24 -65
21 25 -65
25 24 -65
16 2 -65
28 1 -65
27 5 -66
16 23 -66
6 16 -66
19 3 -67
28 29 -67
2 22 -67
23 3 -67
29 10 -67
17 14 -67
6 14 -68
9 20 -68
29 13 -68
13 23 -68
21 27 -68
2 17 -68
13 28 -68
25 8 -69
18 29 -70
24 4 -70
13 6 -70
6 20 -71
11 7 -71
24 17 -71
21 6 -71
25 6 -72
11 2 -72
2 29 -72
9 6 -73
27 20 -73
25 26 -73
13 7 -74
13 22 -74
3 29 -74
5 14 -74
26 12 -74
12 2 -75
13 1 -75
9 10 -75
19 14 -76
27 29 -76
6 28 -77
13 8 -77
26 5 -77
12 3 -77
17 11 -78
13 3 -78
22 25 -78
4 16 -78
10 4 -79
23 17 -79
19 12 -80
14 9 -80
26 22 -80
3 26 -80
27 19 -80
1 8 -81
16 15 -81
27 7 -81
8 21 -82
25 1 -82
15 22 -82
27 22 -83
21 10 -84
29 3 -84
16 19 -84
11 29 -85
11 1 -85
5 8 -85
20 25 -86
10 16 -87
14 17 -87
18 16 -87
6 15 -87
7 12 -88
2 23 -88
2 1 -88
9 23 -88
15 25 -88
19 26 -89
21 17 -89
12 16 -90
23 15 -90
14 11 -90
17 27 -90
4 10 -91
19 11 -91
12 1 -91
28 5 -91
16 5 -91
24 8 -91
2 26 -91
17 19 -91
16 17 -92
27 26 -92
26 15 -92
6 29 -92
19 29 -92
29 11 -92
16 7 -93
2 9 -93
9 28 -93
17 3 -93
28 15 -94
23 20 -94
16 11 -95
7 29 -95
1 7 -95
1 4 -95
25 5 -96
29 21 -96
24 3 -97
22 19 -97
25 3 -97
4 2 -98
17 10 -98
4 13 -98
20 6 -98
5 11 -99
10 8 -99
29 9 -99
17 15 -100
7 27 -100
14 27 -100
10 9 -100
28 7 -100
14 23 -100
